<?xml version="1.0" encoding="UTF-8"?>
<testng-results ignored="0" total="2" passed="2" failed="0" skipped="0">
  <reporter-output>
  </reporter-output>
  <suite started-at="2026-03-22T17:40:58 IST" name="Suite" finished-at="2026-03-22T17:41:54 IST" duration-ms="55353">
    <groups>
    </groups>
    <test started-at="2026-03-22T17:40:58 IST" name="Test" finished-at="2026-03-22T17:41:54 IST" duration-ms="55353">
      <class name="POMDemo.loginTestScript">
        <test-method is-config="true" signature="openbrowser()[pri:0, instance:POMDemo.loginTestScript@75db5df9]" started-at="2026-03-22T17:40:58 IST" name="openbrowser" finished-at="2026-03-22T17:41:43 IST" duration-ms="45276" status="PASS">
          <reporter-output>
          </reporter-output>
        </test-method> <!-- openbrowser -->
        <test-method signature="validLoginTest()[pri:1, instance:POMDemo.loginTestScript@75db5df9]" started-at="2026-03-22T17:41:44 IST" name="validLoginTest" finished-at="2026-03-22T17:41:52 IST" duration-ms="8025" status="PASS">
          <reporter-output>
          </reporter-output>
        </test-method> <!-- validLoginTest -->
        <test-method signature="invalidLoginTest()[pri:2, instance:POMDemo.loginTestScript@75db5df9]" started-at="2026-03-22T17:41:52 IST" name="invalidLoginTest" finished-at="2026-03-22T17:41:53 IST" duration-ms="932" status="PASS">
          <reporter-output>
          </reporter-output>
        </test-method> <!-- invalidLoginTest -->
        <test-method is-config="true" signature="closebrowser()[pri:0, instance:POMDemo.loginTestScript@75db5df9]" started-at="2026-03-22T17:41:53 IST" name="closebrowser" finished-at="2026-03-22T17:41:54 IST" duration-ms="657" status="PASS">
          <reporter-output>
          </reporter-output>
        </test-method> <!-- closebrowser -->
      </class> <!-- POMDemo.loginTestScript -->
    </test> <!-- Test -->
  </suite> <!-- Suite -->
</testng-results>
