<?xml version="1.0" encoding="UTF-8"?>
<testng-results ignored="0" total="2" passed="2" failed="0" skipped="0">
  <reporter-output>
  </reporter-output>
  <suite started-at="2026-03-22T17:30:58 IST" name="Suite" finished-at="2026-03-22T17:32:13 IST" duration-ms="74886">
    <groups>
    </groups>
    <test started-at="2026-03-22T17:30:58 IST" name="Test" finished-at="2026-03-22T17:32:13 IST" duration-ms="74886">
      <class name="POMDemo.loginTestScript">
        <test-method is-config="true" signature="openbrowser()[pri:0, instance:POMDemo.loginTestScript@346d61be]" started-at="2026-03-22T17:30:59 IST" name="openbrowser" finished-at="2026-03-22T17:32:03 IST" duration-ms="64686" status="PASS">
          <reporter-output>
          </reporter-output>
        </test-method> <!-- openbrowser -->
        <test-method signature="validLoginTest()[pri:1, instance:POMDemo.loginTestScript@346d61be]" started-at="2026-03-22T17:32:03 IST" name="validLoginTest" finished-at="2026-03-22T17:32:11 IST" duration-ms="7653" status="PASS">
          <reporter-output>
          </reporter-output>
        </test-method> <!-- validLoginTest -->
        <test-method signature="invalidLoginTest()[pri:2, instance:POMDemo.loginTestScript@346d61be]" started-at="2026-03-22T17:32:11 IST" name="invalidLoginTest" finished-at="2026-03-22T17:32:12 IST" duration-ms="687" status="PASS">
          <reporter-output>
          </reporter-output>
        </test-method> <!-- invalidLoginTest -->
        <test-method is-config="true" signature="closebrowser()[pri:0, instance:POMDemo.loginTestScript@346d61be]" started-at="2026-03-22T17:32:12 IST" name="closebrowser" finished-at="2026-03-22T17:32:13 IST" duration-ms="1456" status="PASS">
          <reporter-output>
          </reporter-output>
        </test-method> <!-- closebrowser -->
      </class> <!-- POMDemo.loginTestScript -->
    </test> <!-- Test -->
  </suite> <!-- Suite -->
</testng-results>
