<?xml version="1.0" encoding="UTF-8"?>
<!-- Generated by org.testng.reporters.JUnitReportReporter -->
<testsuite hostname="DESKTOP-NURQNKC" failures="0" tests="4" name="TestNGDemo.TestScript" time="100.501" errors="0" timestamp="2026-03-10T18:09:15 IST" skipped="0">
  <testcase classname="TestNGDemo.TestScript" name="TestCase1" time="21.908"/>
  <testcase classname="TestNGDemo.TestScript" name="TestCase1" time="23.745"/>
  <testcase classname="TestNGDemo.TestScript" name="TestCase1" time="29.548"/>
  <testcase classname="TestNGDemo.TestScript" name="TestCase1" time="25.300"/>
</testsuite> <!-- TestNGDemo.TestScript -->
